0 info it worked if it ends with ok
1 verbose cli [ '/usr/local/bin/node', '/usr/local/bin/npm', 'stop' ]
2 info using npm@3.9.5
3 info using node@v6.2.2
4 warn invalid config registry="r.npm.jkr3.com"
5 warn invalid config Must be a full url with 'http://'
6 verbose stack Error: ENOENT: no such file or directory, open '/Users/dongooo/Documents/yonyou2016/wk-yonyou-auto/yyauto-web/src/main/webapp/mobui/package.json'
6 verbose stack     at Error (native)
7 verbose cwd /Users/dongooo/Documents/yonyou2016/wk-yonyou-auto/yyauto-web/src/main/webapp/mobui
8 error Darwin 15.4.0
9 error argv "/usr/local/bin/node" "/usr/local/bin/npm" "stop"
10 error node v6.2.2
11 error npm  v3.9.5
12 error path /Users/dongooo/Documents/yonyou2016/wk-yonyou-auto/yyauto-web/src/main/webapp/mobui/package.json
13 error code ENOENT
14 error errno -2
15 error syscall open
16 error enoent ENOENT: no such file or directory, open '/Users/dongooo/Documents/yonyou2016/wk-yonyou-auto/yyauto-web/src/main/webapp/mobui/package.json'
17 error enoent ENOENT: no such file or directory, open '/Users/dongooo/Documents/yonyou2016/wk-yonyou-auto/yyauto-web/src/main/webapp/mobui/package.json'
17 error enoent This is most likely not a problem with npm itself
17 error enoent and is related to npm not being able to find a file.
18 verbose exit [ -2, true ]
